<?xml version="1.0" encoding="UTF-8"?>
<!-- Generated by org.testng.reporters.JUnitReportReporter -->
<testsuite hostname="Prakash_Kharat" failures="0" tests="2" name="com.ecom.qa.testcases.HomePageTest" time="27.377" errors="0" timestamp="2024-06-24T12:06:02 IST" skipped="0">
  <testcase classname="com.ecom.qa.testcases.HomePageTest" name="validateName" time="12.076"/>
  <testcase classname="com.ecom.qa.testcases.HomePageTest" name="validateClientName" time="15.301"/>
</testsuite> <!-- com.ecom.qa.testcases.HomePageTest -->
