<?xml version="1.0" encoding="UTF-8"?>
<!-- Generated by org.testng.reporters.JUnitReportReporter -->
<testsuite hostname="Prakash_Kharat" failures="0" tests="2" name="com.ecom.qa.testcases.LoginPageTest" time="9.475" errors="0" timestamp="2024-06-23T18:48:10 IST" skipped="1">
  <testcase classname="com.ecom.qa.testcases.LoginPageTest" name="loginTest" time="9.475"/>
  <testcase classname="com.ecom.qa.testcases.LoginPageTest" name="validationError">
    <skipped/>
  </testcase> <!-- validationError -->
</testsuite> <!-- com.ecom.qa.testcases.LoginPageTest -->
