<?xml version="1.0" encoding="UTF-8"?>
<!-- Generated by org.testng.reporters.JUnitReportReporter -->
<testsuite hostname="Prakash_Kharat" failures="0" tests="1" name="com.ecom.qa.testcases.HomePageTest" time="15.437" errors="0" timestamp="2024-06-16T20:53:41 IST" skipped="0">
  <testcase classname="com.ecom.qa.testcases.HomePageTest" name="validateName" time="15.437"/>
</testsuite> <!-- com.ecom.qa.testcases.HomePageTest -->
